<?xml version="1.0" encoding="UTF-8"?>
<!-- Generated by org.testng.reporters.JUnitXMLReporter -->
<testsuite ignored="0" hostname="LAPTOP-6HL9QNBF" failures="0" tests="6" name="Command line test" time="0.04" errors="0" timestamp="2022-09-09T20:54:12 IST">
  <testcase classname="Automation_Testing.Mavan_Java.Appium_Test" name="AppTest1" time="0.003"/>
  <testcase classname="Automation_Testing.Mavan_Java.Appium_Test" name="AppTest2" time="0.0"/>
  <testcase classname="Automation_Testing.Mavan_Java.RestApi_Test" name="RestTest1" time="0.0"/>
  <testcase classname="Automation_Testing.Mavan_Java.RestApi_Test" name="RestTest2" time="0.0"/>
  <testcase classname="Automation_Testing.Mavan_Java.Selenium_Test" name="SelTest1" time="0.001"/>
  <testcase classname="Automation_Testing.Mavan_Java.Selenium_Test" name="SelTest2" time="0.0"/>
</testsuite> <!-- Command line test -->
