<?xml version="1.0" encoding="UTF-8"?>
<testng-results ignored="1" total="9" passed="7" failed="1" skipped="0">
  <reporter-output>
  </reporter-output>
  <suite started-at="2022-08-24T14:52:27 IST" name="Suite" finished-at="2022-08-24T14:52:27 IST" duration-ms="66">
    <groups>
      <group name="Smoke">
        <method signature="Module_1.Module1_tc1(java.lang.String)[pri:0, instance:Test_Package.Module_1@3e2e18f2]" name="Module1_tc1" class="Test_Package.Module_1"/>
        <method signature="Module_2.Module2_tc2()[pri:0, instance:Test_Package.Module_2@59d016c9]" name="Module2_tc2" class="Test_Package.Module_2"/>
        <method signature="Module_3.Module3_tc1()[pri:0, instance:Test_Package.Module_3@4ddced80]" name="Module3_tc1" class="Test_Package.Module_3"/>
      </group> <!-- Smoke -->
    </groups>
    <test started-at="2022-08-24T14:52:27 IST" name="Test" finished-at="2022-08-24T14:52:27 IST" duration-ms="66">
      <class name="Test_Package.Module_1">
        <test-method is-config="true" signature="Module1_tc3()[pri:0, instance:Test_Package.Module_1@3e2e18f2]" started-at="2022-08-24T14:52:27 IST" name="Module1_tc3" finished-at="2022-08-24T14:52:27 IST" duration-ms="5" status="PASS">
          <reporter-output>
          </reporter-output>
        </test-method> <!-- Module1_tc3 -->
        <test-method signature="Module1_tc1(java.lang.String)[pri:0, instance:Test_Package.Module_1@3e2e18f2]" started-at="2022-08-24T14:52:27 IST" name="Module1_tc1" finished-at="2022-08-24T14:52:27 IST" duration-ms="0" status="FAIL">
          <exception class="org.testng.TestNGException">
            <message>
              <![CDATA[
Cannot inject @Test annotated Method [Module1_tc1] with [class java.lang.String].
For more information on native dependency injection please refer to https://testng.org/doc/documentation-main.html#native-dependency-injection]]>
            </message>
            <full-stacktrace>
              <![CDATA[org.testng.TestNGException: 
Cannot inject @Test annotated Method [Module1_tc1] with [class java.lang.String].
For more information on native dependency injection please refer to https://testng.org/doc/documentation-main.html#native-dependency-injection
at org.testng.internal.Parameters.checkParameterTypes(Parameters.java:439)
at org.testng.internal.Parameters.createParametersForMethod(Parameters.java:353)
at org.testng.internal.Parameters.createParameters(Parameters.java:708)
at org.testng.internal.Parameters.handleParameters(Parameters.java:884)
at org.testng.internal.Parameters.handleParameters(Parameters.java:740)
at org.testng.internal.ParameterHandler.handleParameters(ParameterHandler.java:59)
at org.testng.internal.ParameterHandler.createParameters(ParameterHandler.java:38)
at org.testng.internal.TestInvoker$MethodInvocationAgent.invoke(TestInvoker.java:791)
at org.testng.internal.TestInvoker.invokeTestMethods(TestInvoker.java:146)
at org.testng.internal.TestMethodWorker.invokeTestMethods(TestMethodWorker.java:146)
at org.testng.internal.TestMethodWorker.run(TestMethodWorker.java:128)
at java.base/java.util.ArrayList.forEach(ArrayList.java:1511)
at org.testng.TestRunner.privateRun(TestRunner.java:794)
at org.testng.TestRunner.run(TestRunner.java:596)
at org.testng.SuiteRunner.runTest(SuiteRunner.java:377)
at org.testng.SuiteRunner.runSequentially(SuiteRunner.java:371)
at org.testng.SuiteRunner.privateRun(SuiteRunner.java:332)
at org.testng.SuiteRunner.run(SuiteRunner.java:276)
at org.testng.SuiteRunnerWorker.runSuite(SuiteRunnerWorker.java:53)
at org.testng.SuiteRunnerWorker.run(SuiteRunnerWorker.java:96)
at org.testng.TestNG.runSuitesSequentially(TestNG.java:1212)
at org.testng.TestNG.runSuitesLocally(TestNG.java:1134)
at org.testng.TestNG.runSuites(TestNG.java:1063)
at org.testng.TestNG.run(TestNG.java:1031)
at org.testng.remote.AbstractRemoteTestNG.run(AbstractRemoteTestNG.java:115)
at org.testng.remote.RemoteTestNG.initAndRun(RemoteTestNG.java:251)
at org.testng.remote.RemoteTestNG.main(RemoteTestNG.java:77)
]]>
            </full-stacktrace>
          </exception> <!-- org.testng.TestNGException -->
          <reporter-output>
          </reporter-output>
        </test-method> <!-- Module1_tc1 -->
        <test-method signature="Module1_tc2()[pri:0, instance:Test_Package.Module_1@3e2e18f2]" started-at="2022-08-24T14:52:27 IST" name="Module1_tc2" finished-at="2022-08-24T14:52:27 IST" duration-ms="2" status="PASS">
          <reporter-output>
          </reporter-output>
        </test-method> <!-- Module1_tc2 -->
        <test-method is-config="true" signature="Module1_tc4()[pri:0, instance:Test_Package.Module_1@3e2e18f2]" started-at="2022-08-24T14:52:27 IST" name="Module1_tc4" finished-at="2022-08-24T14:52:27 IST" duration-ms="0" status="PASS">
          <reporter-output>
          </reporter-output>
        </test-method> <!-- Module1_tc4 -->
      </class> <!-- Test_Package.Module_1 -->
      <class name="Test_Package.Module_2">
        <test-method signature="Module2_tc1()[pri:0, instance:Test_Package.Module_2@59d016c9]" started-at="2022-08-24T14:52:27 IST" name="Module2_tc1" finished-at="2022-08-24T14:52:27 IST" duration-ms="6" status="PASS">
          <reporter-output>
          </reporter-output>
        </test-method> <!-- Module2_tc1 -->
        <test-method signature="Module2_tc2()[pri:0, instance:Test_Package.Module_2@59d016c9]" started-at="2022-08-24T14:52:27 IST" name="Module2_tc2" finished-at="2022-08-24T14:52:27 IST" duration-ms="1" status="PASS">
          <reporter-output>
          </reporter-output>
        </test-method> <!-- Module2_tc2 -->
      </class> <!-- Test_Package.Module_2 -->
      <class name="Test_Package.Module_3">
        <test-method is-config="true" signature="Module3tc_4()[pri:0, instance:Test_Package.Module_3@4ddced80]" started-at="2022-08-24T14:52:27 IST" name="Module3tc_4" finished-at="2022-08-24T14:52:27 IST" duration-ms="0" status="PASS">
          <reporter-output>
          </reporter-output>
        </test-method> <!-- Module3tc_4 -->
        <test-method signature="Module3_Tc3()[pri:0, instance:Test_Package.Module_3@4ddced80]" started-at="2022-08-24T14:52:27 IST" name="Module3_Tc3" finished-at="2022-08-24T14:52:27 IST" duration-ms="1" status="PASS">
          <reporter-output>
          </reporter-output>
        </test-method> <!-- Module3_Tc3 -->
        <test-method is-config="true" signature="Module3tc_4()[pri:0, instance:Test_Package.Module_3@4ddced80]" started-at="2022-08-24T14:52:27 IST" name="Module3tc_4" finished-at="2022-08-24T14:52:27 IST" duration-ms="1" status="PASS">
          <reporter-output>
          </reporter-output>
        </test-method> <!-- Module3tc_4 -->
        <test-method signature="Module3_tc1()[pri:0, instance:Test_Package.Module_3@4ddced80]" started-at="2022-08-24T14:52:27 IST" name="Module3_tc1" finished-at="2022-08-24T14:52:27 IST" duration-ms="0" status="PASS">
          <reporter-output>
          </reporter-output>
        </test-method> <!-- Module3_tc1 -->
      </class> <!-- Test_Package.Module_3 -->
      <class name="Test_Package.Module_4">
        <test-method is-config="true" signature="Module4_tc3()[pri:0, instance:Test_Package.Module_4@470f1802]" started-at="2022-08-24T14:52:27 IST" name="Module4_tc3" finished-at="2022-08-24T14:52:27 IST" duration-ms="0" status="PASS">
          <reporter-output>
          </reporter-output>
        </test-method> <!-- Module4_tc3 -->
        <test-method signature="Module4_tc1()[pri:0, instance:Test_Package.Module_4@470f1802]" started-at="2022-08-24T14:52:27 IST" name="Module4_tc1" finished-at="2022-08-24T14:52:27 IST" duration-ms="1" status="PASS">
          <reporter-output>
          </reporter-output>
        </test-method> <!-- Module4_tc1 -->
        <test-method signature="Module4_tc2()[pri:0, instance:Test_Package.Module_4@470f1802]" started-at="2022-08-24T14:52:27 IST" name="Module4_tc2" finished-at="2022-08-24T14:52:27 IST" duration-ms="1" status="PASS">
          <reporter-output>
          </reporter-output>
        </test-method> <!-- Module4_tc2 -->
      </class> <!-- Test_Package.Module_4 -->
    </test> <!-- Test -->
  </suite> <!-- Suite -->
</testng-results>
