<?xml version="1.0" encoding="UTF-8"?>
<!-- Generated by org.testng.reporters.JUnitXMLReporter -->
<testsuite ignored="0" hostname="LAPTOP-6HL9QNBF" failures="0" tests="3" name="PersonalLoan" time="0.108" errors="0" timestamp="2022-08-23T22:08:28 IST">
  <testcase classname="Test_Package.Module_1" name="Module1_tc1" time="0.024"/>
  <testcase classname="Test_Package.Module_1" name="Module1_tc2" time="0.003"/>
  <testcase classname="Test_Package.Module_2" name="Module2_tc1" time="0.003"/>
</testsuite> <!-- PersonalLoan -->
