<?xml version="1.0" encoding="UTF-8"?>
<testng-results ignored="0" total="2" passed="2" failed="0" skipped="0">
  <reporter-output>
  </reporter-output>
  <suite started-at="2022-08-26T16:36:49 IST" name="Default suite" finished-at="2022-08-26T16:36:49 IST" duration-ms="41">
    <groups>
    </groups>
    <test started-at="2022-08-26T16:36:49 IST" name="Default test" finished-at="2022-08-26T16:36:49 IST" duration-ms="41">
      <class name="Automation_Testing.Mavan_Java.Appium_Code">
        <test-method signature="AppTest1()[pri:0, instance:Automation_Testing.Mavan_Java.Appium_Code@5c30a9b0]" started-at="2022-08-26T16:36:49 IST" name="AppTest1" finished-at="2022-08-26T16:36:49 IST" duration-ms="9" status="PASS">
          <reporter-output>
          </reporter-output>
        </test-method> <!-- AppTest1 -->
        <test-method signature="AppTest2()[pri:0, instance:Automation_Testing.Mavan_Java.Appium_Code@5c30a9b0]" started-at="2022-08-26T16:36:49 IST" name="AppTest2" finished-at="2022-08-26T16:36:49 IST" duration-ms="1" status="PASS">
          <reporter-output>
          </reporter-output>
        </test-method> <!-- AppTest2 -->
      </class> <!-- Automation_Testing.Mavan_Java.Appium_Code -->
    </test> <!-- Default test -->
  </suite> <!-- Default suite -->
</testng-results>
