<?xml version="1.0" encoding="UTF-8"?>
<!-- Generated by org.testng.reporters.JUnitXMLReporter -->
<testsuite ignored="0" hostname="LAPTOP-6HL9QNBF" failures="0" tests="4" name="OderMax" time="0.006" errors="0" timestamp="2022-08-24T12:43:54 IST">
  <testcase classname="Test_Package.Module_1" name="Module1_tc1" time="0.001"/>
  <testcase classname="Test_Package.Module_1" name="Module1_tc2" time="0.0"/>
  <testcase classname="Test_Package.Module_4" name="Module4_tc1" time="0.001"/>
  <testcase classname="Test_Package.Module_4" name="Module4_tc2" time="0.001"/>
</testsuite> <!-- OderMax -->
