<?xml version="1.0" encoding="UTF-8"?>
<!-- Generated by org.testng.reporters.JUnitXMLReporter -->
<testsuite ignored="0" hostname="LAPTOP-6HL9QNBF" failures="0" tests="5" name="OneView" time="0.04" errors="0" timestamp="2022-08-24T12:43:54 IST">
  <testcase classname="Test_Package.Module_2" name="Module2_tc1" time="0.005"/>
  <testcase classname="Test_Package.Module_2" name="Module2_tc2" time="0.001"/>
  <testcase classname="Test_Package.Module_3" name="Module3_Tc2" time="0.001"/>
  <testcase classname="Test_Package.Module_3" name="Module3_Tc3" time="0.001"/>
  <testcase classname="Test_Package.Module_3" name="Module3_tc1" time="0.001"/>
</testsuite> <!-- OneView -->
