<?xml version="1.0" encoding="UTF-8"?>
<!-- Generated by org.testng.reporters.JUnitXMLReporter -->
<testsuite ignored="1" hostname="LAPTOP-6HL9QNBF" failures="1" tests="8" name="Test" time="0.066" errors="0" timestamp="2022-08-24T14:52:27 IST">
  <testcase classname="Test_Package.Module_2" name="Module2_tc1" time="0.006"/>
  <testcase classname="Test_Package.Module_2" name="Module2_tc2" time="0.001"/>
  <testcase classname="Test_Package.Module_3" name="Module3_Tc3" time="0.001"/>
  <testcase classname="Test_Package.Module_3" name="Module3_tc1" time="0.0"/>
  <testcase classname="Test_Package.Module_1" name="Module1_tc1" time="0.0">
    <failure type="org.testng.TestNGException" message="
Cannot inject @Test annotated Method [Module1_tc1] with [class java.lang.String].
For more information on native dependency injection please refer to https://testng.org/doc/documentation-main.html#native-dependency-injection">
      <![CDATA[org.testng.TestNGException: 
Cannot inject @Test annotated Method [Module1_tc1] with [class java.lang.String].
For more information on native dependency injection please refer to https://testng.org/doc/documentation-main.html#native-dependency-injection
at java.base/java.util.ArrayList.forEach(ArrayList.java:1511)
... Removed 26 stack frames]]>
    </failure>
  </testcase> <!-- Module1_tc1 -->
  <testcase classname="Test_Package.Module_1" name="Module1_tc2" time="0.002"/>
  <testcase classname="Test_Package.Module_4" name="Module4_tc1" time="0.001"/>
  <testcase classname="Test_Package.Module_4" name="Module4_tc2" time="0.001"/>
  <testcase classname="Test_Package.Module_3" name="Module3_Tc2" time="0.0">
    <ignored/>
  </testcase> <!-- Module3_Tc2 -->
</testsuite> <!-- Test -->
