<?xml version="1.0" encoding="UTF-8"?>
<testng-results ignored="0" total="6" passed="6" failed="0" skipped="0">
  <reporter-output>
  </reporter-output>
  <suite started-at="2022-09-09T20:54:12 IST" name="Command line suite" finished-at="2022-09-09T20:54:12 IST" duration-ms="40">
    <groups>
    </groups>
    <test started-at="2022-09-09T20:54:12 IST" name="Command line test" finished-at="2022-09-09T20:54:12 IST" duration-ms="40">
      <class name="Automation_Testing.Mavan_Java.Appium_Test">
        <test-method signature="AppTest1()[pri:0, instance:Automation_Testing.Mavan_Java.Appium_Test@44a664f2]" started-at="2022-09-09T20:54:12 IST" name="AppTest1" finished-at="2022-09-09T20:54:12 IST" duration-ms="3" status="PASS">
          <reporter-output>
          </reporter-output>
        </test-method> <!-- AppTest1 -->
        <test-method signature="AppTest2()[pri:0, instance:Automation_Testing.Mavan_Java.Appium_Test@44a664f2]" started-at="2022-09-09T20:54:12 IST" name="AppTest2" finished-at="2022-09-09T20:54:12 IST" duration-ms="0" status="PASS">
          <reporter-output>
          </reporter-output>
        </test-method> <!-- AppTest2 -->
      </class> <!-- Automation_Testing.Mavan_Java.Appium_Test -->
      <class name="Automation_Testing.Mavan_Java.RestApi_Test">
        <test-method signature="RestTest1()[pri:0, instance:Automation_Testing.Mavan_Java.RestApi_Test@41ee392b]" started-at="2022-09-09T20:54:12 IST" name="RestTest1" finished-at="2022-09-09T20:54:12 IST" duration-ms="0" status="PASS">
          <reporter-output>
          </reporter-output>
        </test-method> <!-- RestTest1 -->
        <test-method signature="RestTest2()[pri:0, instance:Automation_Testing.Mavan_Java.RestApi_Test@41ee392b]" started-at="2022-09-09T20:54:12 IST" name="RestTest2" finished-at="2022-09-09T20:54:12 IST" duration-ms="0" status="PASS">
          <reporter-output>
          </reporter-output>
        </test-method> <!-- RestTest2 -->
      </class> <!-- Automation_Testing.Mavan_Java.RestApi_Test -->
      <class name="Automation_Testing.Mavan_Java.Selenium_Test">
        <test-method signature="SelTest1()[pri:0, instance:Automation_Testing.Mavan_Java.Selenium_Test@1e67a849]" started-at="2022-09-09T20:54:12 IST" name="SelTest1" finished-at="2022-09-09T20:54:12 IST" duration-ms="1" status="PASS">
          <reporter-output>
          </reporter-output>
        </test-method> <!-- SelTest1 -->
        <test-method signature="SelTest2()[pri:0, instance:Automation_Testing.Mavan_Java.Selenium_Test@1e67a849]" started-at="2022-09-09T20:54:12 IST" name="SelTest2" finished-at="2022-09-09T20:54:12 IST" duration-ms="0" status="PASS">
          <reporter-output>
          </reporter-output>
        </test-method> <!-- SelTest2 -->
      </class> <!-- Automation_Testing.Mavan_Java.Selenium_Test -->
    </test> <!-- Command line test -->
  </suite> <!-- Command line suite -->
</testng-results>
